#
# There is insufficient memory for the Java Runtime Environment to continue.
# Native memory allocation (malloc) failed to allocate 1048576 bytes for AllocateHeap
# Possible reasons:
#   The system is out of physical RAM or swap space
#   In 32 bit mode, the process size limit was hit
# Possible solutions:
#   Reduce memory load on the system
#   Increase physical memory or swap space
#   Check if swap backing store is full
#   Use 64 bit Java on a 64 bit OS
#   Decrease Java heap size (-Xmx/-Xms)
#   Decrease number of Java threads
#   Decrease Java thread stack sizes (-Xss)
#   Set larger code cache with -XX:ReservedCodeCacheSize=
# This output file may be truncated or incomplete.
#
#  Out of Memory Error (memory/allocation.inline.hpp:61), pid=12928, tid=11104
#
# JRE version:  (7.0_80-b15) (build )
# Java VM: Java HotSpot(TM) 64-Bit Server VM (24.80-b11 mixed mode windows-amd64 compressed oops)
# Failed to write core dump. Minidumps are not enabled by default on client versions of Windows
#

---------------  T H R E A D  ---------------

Current thread (0x00000000029f0800):  JavaThread "Unknown thread" [_thread_in_vm, id=11104, stack(0x00000000028f0000,0x00000000029f0000)]

Stack: [0x00000000028f0000,0x00000000029f0000]

---------------  P R O C E S S  ---------------

Java Threads: ( => current thread )

Other Threads:

=>0x00000000029f0800 (exited) JavaThread "Unknown thread" [_thread_in_vm, id=11104, stack(0x00000000028f0000,0x00000000029f0000)]

VM state:not at safepoint (normal execution)

VM Mutex/Monitor currently owned by a thread: None

Heap
 PSYoungGen      total 18944K, used 327K [0x00000000eb400000, 0x00000000ec900000, 0x0000000100000000)
  eden space 16384K, 2% used [0x00000000eb400000,0x00000000eb451f10,0x00000000ec400000)
  from space 2560K, 0% used [0x00000000ec680000,0x00000000ec680000,0x00000000ec900000)
  to   space 2560K, 0% used [0x00000000ec400000,0x00000000ec400000,0x00000000ec680000)
 ParOldGen       total 42496K, used 0K [0x00000000c1c00000, 0x00000000c4580000, 0x00000000eb400000)
  object space 42496K, 0% used [0x00000000c1c00000,0x00000000c1c00000,0x00000000c4580000)
 PSPermGen       total 21504K, used 697K [0x00000000bca00000, 0x00000000bdf00000, 0x00000000c1c00000)
  object space 21504K, 3% used [0x00000000bca00000,0x00000000bcaae5c8,0x00000000bdf00000)

Card table byte_map: [0x0000000005bb0000,0x0000000005dd0000] byte_map_base: 0x00000000055cb000

Polling page: 0x0000000002800000

Code Cache  [0x0000000002af0000, 0x0000000002d60000, 0x0000000005af0000)
 total_blobs=38 nmethods=0 adapters=20 free_code_cache=48889Kb largest_free_block=50062528

Compilation events (0 events):
No events

GC Heap History (0 events):
No events

Deoptimization events (0 events):
No events

Internal exceptions (0 events):
No events

Events (10 events):
Event: 0.070 loading class 0x0000000002a364d0
Event: 0.070 loading class 0x0000000002a364d0 done
Event: 0.070 loading class 0x0000000002a36520
Event: 0.071 loading class 0x0000000002a36520 done
Event: 0.071 loading class 0x0000000002a36570
Event: 0.071 loading class 0x0000000002a36570 done
Event: 0.072 loading class 0x0000000002a372f0
Event: 0.072 loading class 0x0000000002a372f0 done
Event: 0.072 loading class 0x0000000002a36f10
Event: 0.072 loading class 0x0000000002a36f10 done


Dynamic libraries:
0x00007ff778f00000 - 0x00007ff778f33000 	C:\Program Files\Java\jdk1.7.0_80\bin\javaw.exe
0x00007ffa7c590000 - 0x00007ffa7c761000 	C:\WINDOWS\SYSTEM32\ntdll.dll
0x00007ffa79da0000 - 0x00007ffa79e4c000 	C:\WINDOWS\System32\KERNEL32.DLL
0x00007ffa792a0000 - 0x00007ffa794bd000 	C:\WINDOWS\System32\KERNELBASE.dll
0x00007ffa79cf0000 - 0x00007ffa79d92000 	C:\WINDOWS\System32\ADVAPI32.dll
0x00007ffa79ff0000 - 0x00007ffa7a08e000 	C:\WINDOWS\System32\msvcrt.dll
0x00007ffa79f90000 - 0x00007ffa79fe9000 	C:\WINDOWS\System32\sechost.dll
0x00007ffa79bc0000 - 0x00007ffa79ce1000 	C:\WINDOWS\System32\RPCRT4.dll
0x00007ffa7a520000 - 0x00007ffa7a685000 	C:\WINDOWS\System32\USER32.dll
0x00007ffa791d0000 - 0x00007ffa791ee000 	C:\WINDOWS\System32\win32u.dll
0x00007ffa7c220000 - 0x00007ffa7c254000 	C:\WINDOWS\System32\GDI32.dll
0x00007ffa79690000 - 0x00007ffa79810000 	C:\WINDOWS\System32\gdi32full.dll
0x00007ffa731a0000 - 0x00007ffa7341a000 	C:\WINDOWS\WinSxS\amd64_microsoft.windows.common-controls_6595b64144ccf1df_6.0.14393.953_none_42151e83c686086b\COMCTL32.dll
0x00007ffa7c260000 - 0x00007ffa7c528000 	C:\WINDOWS\System32\combase.dll
0x00007ffa799d0000 - 0x00007ffa79ac5000 	C:\WINDOWS\System32\ucrtbase.dll
0x00007ffa79960000 - 0x00007ffa799ca000 	C:\WINDOWS\System32\bcryptPrimitives.dll
0x00007ffa7a8d0000 - 0x00007ffa7a8fe000 	C:\WINDOWS\System32\IMM32.DLL
0x00000000694e0000 - 0x00000000695b2000 	C:\Program Files\Java\jdk1.7.0_80\jre\bin\msvcr100.dll
0x00000000696b0000 - 0x0000000069e89000 	C:\Program Files\Java\jdk1.7.0_80\jre\bin\server\jvm.dll
0x00007ffa7a690000 - 0x00007ffa7a698000 	C:\WINDOWS\System32\PSAPI.DLL
0x00007ffa6ade0000 - 0x00007ffa6ade9000 	C:\WINDOWS\SYSTEM32\WSOCK32.dll
0x00007ffa7a700000 - 0x00007ffa7a76a000 	C:\WINDOWS\System32\WS2_32.dll
0x00007ffa76990000 - 0x00007ffa769b3000 	C:\WINDOWS\SYSTEM32\WINMM.dll
0x00007ffa76960000 - 0x00007ffa7698b000 	C:\WINDOWS\SYSTEM32\WINMMBASE.dll
0x00007ffa79ad0000 - 0x00007ffa79b12000 	C:\WINDOWS\System32\cfgmgr32.dll
0x00000000696a0000 - 0x00000000696af000 	C:\Program Files\Java\jdk1.7.0_80\jre\bin\verify.dll
0x0000000069670000 - 0x0000000069698000 	C:\Program Files\Java\jdk1.7.0_80\jre\bin\java.dll
0x0000000069650000 - 0x0000000069666000 	C:\Program Files\Java\jdk1.7.0_80\jre\bin\zip.dll

VM Arguments:
jvm_args: -Dfile.encoding=Cp1252 
java_command: library.Main
Launcher Type: SUN_STANDARD

Environment Variables:
PATH=C:/Program Files/Java/jdk1.7.0_80/bin/../jre/bin/server;C:/Program Files/Java/jdk1.7.0_80/bin/../jre/bin;C:/Program Files/Java/jdk1.7.0_80/bin/../jre/lib/amd64;C:\Program Files\MySQL\MySQL Utilities 1.6\;C:\Program Files\Java\jdk1.7.0_80\bin;C:\Program Files\Java\jre7;C:\Users\pcc\AppData\Local\Programs\Python\Python36-32\Scripts\;C:\Users\pcc\AppData\Local\Programs\Python\Python36-32\;C:\Users\pcc\AppData\Local\Microsoft\WindowsApps;;C:\Users\pcc\Desktop\eclipse-jee-indigo-SR2-win32-x86_64\eclipse;
USERNAME=pcc
OS=Windows_NT
PROCESSOR_IDENTIFIER=Intel64 Family 6 Model 61 Stepping 4, GenuineIntel



---------------  S Y S T E M  ---------------

OS: Windows 8.1 , 64 bit Build 9600 

CPU:total 4 (2 cores per cpu, 2 threads per core) family 6 model 61 stepping 4, cmov, cx8, fxsr, mmx, sse, sse2, sse3, ssse3, sse4.1, sse4.2, popcnt, avx, avx2, aes, erms, ht, tsc, tscinvbit

Memory: 4k page, physical 4076984k(1457944k free), swap 10022776k(6044k free)

vm_info: Java HotSpot(TM) 64-Bit Server VM (24.80-b11) for windows-amd64 JRE (1.7.0_80-b15), built on Apr 10 2015 11:26:34 by "java_re" with unknown MS VC++:1600

time: Tue Jun 27 00:14:36 2017
elapsed time: 0 seconds

