#
# A fatal error has been detected by the Java Runtime Environment:
#
#  EXCEPTION_ACCESS_VIOLATION (0xc0000005) at pc=0x00000000696e4439, pid=12460, tid=11480
#
# JRE version: Java(TM) SE Runtime Environment (7.0_80-b15) (build 1.7.0_80-b15)
# Java VM: Java HotSpot(TM) 64-Bit Server VM (24.80-b11 mixed mode windows-amd64 compressed oops)
# Problematic frame:
# V  [jvm.dll+0x54439]
#
# Failed to write core dump. Minidumps are not enabled by default on client versions of Windows
#
# If you would like to submit a bug report, please visit:
#   http://bugreport.java.com/bugreport/crash.jsp
#

---------------  T H R E A D  ---------------

Current thread (0x00000000088dc000):  JavaThread "JDWP Transport Listener: dt_socket" daemon [_thread_in_vm, id=11480, stack(0x000000000adb0000,0x000000000aeb0000)]

siginfo: ExceptionCode=0xc0000005, reading address 0x000000000000000c

Registers:
RAX=0x000000000000000c, RBX=0x00000000088dc000, RCX=0x0000000000000000, RDX=0x0000000000000000
RSP=0x000000000aeaf050, RBP=0x000000000000000c, RSI=0x0000000000000000, RDI=0x0000000000000010
R8 =0x00000000eb52b398, R9 =0x0000000000000000, R10=0x0000000000000000, R11=0x0000000000000001
R12=0x0000000000000000, R13=0x00000000088d5558, R14=0x0000000000000000, R15=0x0000000000000000
RIP=0x00000000696e4439, EFLAGS=0x0000000000010246

Top of Stack: (sp=0x000000000aeaf050)
0x000000000aeaf050:   00000000088dc000 0000000000000000
0x000000000aeaf060:   0000000000000000 00000000088dc000
0x000000000aeaf070:   0000000000000000 00000000697adad7
0x000000000aeaf080:   00000000eb52b398 000000000aeaf1a0
0x000000000aeaf090:   00000000088df2a8 000000000aeaf170
0x000000000aeaf0a0:   00000000088dc000 0000000000000000
0x000000000aeaf0b0:   00000000088df2a8 000000000aeaf1a0
0x000000000aeaf0c0:   0000000000000000 00000000088d5558
0x000000000aeaf0d0:   0000000000000000 00000000694a7d15
0x000000000aeaf0e0:   000000000aeaf170 000000000aeaf1a0
0x000000000aeaf0f0:   00000000088df2a8 00000000088dc1e8
0x000000000aeaf100:   000000000893ed0a 00000000694af090
0x000000000aeaf110:   0000000008010a01 000000000aeaf210
0x000000000aeaf120:   00000000088d5101 00000000088d5101
0x000000000aeaf130:   00000cfe00000013 0000000008010a00
0x000000000aeaf140:   00000000088f4e10 0000000069861f8d 

Instructions: (pc=0x00000000696e4439)
0x00000000696e4419:   d2 48 8b c5 eb 18 48 8b d0 48 8b c5 48 d3 e2 48
0x00000000696e4429:   03 15 81 64 6a 00 eb 06 48 8b 12 48 8b c7 48 98
0x00000000696e4439:   8b 14 10 85 d2 74 2a 45 84 db 4c 63 c6 48 0f 45
0x00000000696e4449:   fd 8d 47 0b 48 63 c8 48 83 e1 f8 48 c1 e9 03 8d 


Register to memory mapping:

RAX=0x000000000000000c is an unknown value
RBX=0x00000000088dc000 is a thread
RCX=0x0000000000000000 is an unknown value
RDX=0x0000000000000000 is an unknown value
RSP=0x000000000aeaf050 is pointing into the stack for thread: 0x00000000088dc000
RBP=0x000000000000000c is an unknown value
RSI=0x0000000000000000 is an unknown value
RDI=0x0000000000000010 is an unknown value
R8 =0x00000000eb52b398 is an oop
java.lang.String 
 - klass: 'java/lang/String'
R9 =0x0000000000000000 is an unknown value
R10=0x0000000000000000 is an unknown value
R11=0x0000000000000001 is an unknown value
R12=0x0000000000000000 is an unknown value
R13=0x00000000088d5558 is an unknown value
R14=0x0000000000000000 is an unknown value
R15=0x0000000000000000 is an unknown value


Stack: [0x000000000adb0000,0x000000000aeb0000],  sp=0x000000000aeaf050,  free space=1020k
Native frames: (J=compiled Java code, j=interpreted, Vv=VM code, C=native code)
V  [jvm.dll+0x54439]


---------------  P R O C E S S  ---------------

Java Threads: ( => current thread )
  0x000000000890e800 JavaThread "Service Thread" daemon [_thread_blocked, id=9324, stack(0x000000000b1b0000,0x000000000b2b0000)]
  0x0000000008905800 JavaThread "C2 CompilerThread1" daemon [_thread_blocked, id=2520, stack(0x000000000b0b0000,0x000000000b1b0000)]
  0x0000000008902000 JavaThread "C2 CompilerThread0" daemon [_thread_blocked, id=12712, stack(0x000000000aab0000,0x000000000abb0000)]
  0x00000000088f0000 JavaThread "JDWP Command Reader" daemon [_thread_in_native, id=11640, stack(0x000000000afb0000,0x000000000b0b0000)]
  0x00000000088ed800 JavaThread "JDWP Event Helper Thread" daemon [_thread_blocked, id=9232, stack(0x000000000aeb0000,0x000000000afb0000)]
=>0x00000000088dc000 JavaThread "JDWP Transport Listener: dt_socket" daemon [_thread_in_vm, id=11480, stack(0x000000000adb0000,0x000000000aeb0000)]
  0x00000000088d6000 JavaThread "Attach Listener" daemon [_thread_blocked, id=8400, stack(0x0000000009d40000,0x0000000009e40000)]
  0x00000000088d3000 JavaThread "Signal Dispatcher" daemon [_thread_blocked, id=220, stack(0x0000000009c40000,0x0000000009d40000)]
  0x00000000088a0000 JavaThread "Finalizer" daemon [_thread_blocked, id=8252, stack(0x0000000009b40000,0x0000000009c40000)]
  0x0000000008897000 JavaThread "Reference Handler" daemon [_thread_blocked, id=9756, stack(0x0000000009a40000,0x0000000009b40000)]
  0x000000000121d800 JavaThread "main" [_thread_blocked, id=4084, stack(0x0000000002950000,0x0000000002a50000)]

Other Threads:
  0x0000000008893800 VMThread [stack: 0x0000000009940000,0x0000000009a40000] [id=6140]
  0x0000000008917000 WatcherThread [stack: 0x000000000b2b0000,0x000000000b3b0000] [id=620]

VM state:not at safepoint (normal execution)

VM Mutex/Monitor currently owned by a thread: None

Heap
 PSYoungGen      total 18944K, used 1311K [0x00000000eb400000, 0x00000000ec900000, 0x0000000100000000)
  eden space 16384K, 8% used [0x00000000eb400000,0x00000000eb547c50,0x00000000ec400000)
  from space 2560K, 0% used [0x00000000ec680000,0x00000000ec680000,0x00000000ec900000)
  to   space 2560K, 0% used [0x00000000ec400000,0x00000000ec400000,0x00000000ec680000)
 ParOldGen       total 42496K, used 0K [0x00000000c1c00000, 0x00000000c4580000, 0x00000000eb400000)
  object space 42496K, 0% used [0x00000000c1c00000,0x00000000c1c00000,0x00000000c4580000)
 PSPermGen       total 21504K, used 3106K [0x00000000bca00000, 0x00000000bdf00000, 0x00000000c1c00000)
  object space 21504K, 14% used [0x00000000bca00000,0x00000000bcd08ba8,0x00000000bdf00000)

Card table byte_map: [0x0000000005c10000,0x0000000005e30000] byte_map_base: 0x000000000562b000

Polling page: 0x0000000000c80000

Code Cache  [0x0000000002b50000, 0x0000000002dc0000, 0x0000000005b50000)
 total_blobs=183 nmethods=1 adapters=143 free_code_cache=48767Kb largest_free_block=49923584

Compilation events (2 events):
Event: 0.301 Thread 0x0000000008902000    1             java.lang.String::hashCode (55 bytes)
Event: 0.311 Thread 0x0000000008902000 nmethod 1 0x0000000002bafa90 code [0x0000000002bafbc0, 0x0000000002bafd38]

GC Heap History (0 events):
No events

Deoptimization events (0 events):
No events

Internal exceptions (7 events):
Event: 0.036 Thread 0x000000000121d800 Threw 0x00000000eb40a218 at C:\re\jdk7u80\2329\hotspot\src\share\vm\prims\jni.cpp:3991
Event: 0.267 Thread 0x000000000121d800 Threw 0x00000000eb44e3f0 at C:\re\jdk7u80\2329\hotspot\src\share\vm\prims\jvm.cpp:1319
Event: 0.297 Thread 0x000000000121d800 Threw 0x00000000eb5132b8 at C:\re\jdk7u80\2329\hotspot\src\share\vm\prims\jvm.cpp:1319
Event: 0.297 Thread 0x000000000121d800 Threw 0x00000000eb5133e0 at C:\re\jdk7u80\2329\hotspot\src\share\vm\prims\jvm.cpp:1319
Event: 0.298 Thread 0x000000000121d800 Threw 0x00000000eb517058 at C:\re\jdk7u80\2329\hotspot\src\share\vm\prims\jvm.cpp:1319
Event: 0.298 Thread 0x000000000121d800 Threw 0x00000000eb517180 at C:\re\jdk7u80\2329\hotspot\src\share\vm\prims\jvm.cpp:1319
Event: 0.310 Thread 0x000000000121d800 Threw 0x00000000eb524c50 at C:\re\jdk7u80\2329\hotspot\src\share\vm\prims\jvm.cpp:1319

Events (10 events):
Event: 38.175 Executing VM operation: ChangeSingleStep
Event: 38.175 Executing VM operation: ChangeSingleStep done
Event: 38.176 Executing VM operation: ChangeSingleStep
Event: 38.176 Executing VM operation: ChangeSingleStep done
Event: 38.190 Executing VM operation: GetOrSetLocal
Event: 38.190 Executing VM operation: GetOrSetLocal done
Event: 38.194 Executing VM operation: GetOrSetLocal
Event: 38.194 Executing VM operation: GetOrSetLocal done
Event: 38.270 Executing VM operation: GetOrSetLocal
Event: 38.270 Executing VM operation: GetOrSetLocal done


Dynamic libraries:
0x00007ff79e490000 - 0x00007ff79e4c3000 	C:\Program Files\Java\jdk1.7.0_80\bin\javaw.exe
0x00007ffa7c590000 - 0x00007ffa7c761000 	C:\WINDOWS\SYSTEM32\ntdll.dll
0x00007ffa79da0000 - 0x00007ffa79e4c000 	C:\WINDOWS\System32\KERNEL32.DLL
0x00007ffa792a0000 - 0x00007ffa794bd000 	C:\WINDOWS\System32\KERNELBASE.dll
0x00007ffa79cf0000 - 0x00007ffa79d92000 	C:\WINDOWS\System32\ADVAPI32.dll
0x00007ffa79ff0000 - 0x00007ffa7a08e000 	C:\WINDOWS\System32\msvcrt.dll
0x00007ffa79f90000 - 0x00007ffa79fe9000 	C:\WINDOWS\System32\sechost.dll
0x00007ffa79bc0000 - 0x00007ffa79ce1000 	C:\WINDOWS\System32\RPCRT4.dll
0x00007ffa7a520000 - 0x00007ffa7a685000 	C:\WINDOWS\System32\USER32.dll
0x00007ffa791d0000 - 0x00007ffa791ee000 	C:\WINDOWS\System32\win32u.dll
0x00007ffa7c220000 - 0x00007ffa7c254000 	C:\WINDOWS\System32\GDI32.dll
0x00007ffa79690000 - 0x00007ffa79810000 	C:\WINDOWS\System32\gdi32full.dll
0x00007ffa731a0000 - 0x00007ffa7341a000 	C:\WINDOWS\WinSxS\amd64_microsoft.windows.common-controls_6595b64144ccf1df_6.0.14393.953_none_42151e83c686086b\COMCTL32.dll
0x00007ffa7c260000 - 0x00007ffa7c528000 	C:\WINDOWS\System32\combase.dll
0x00007ffa799d0000 - 0x00007ffa79ac5000 	C:\WINDOWS\System32\ucrtbase.dll
0x00007ffa79960000 - 0x00007ffa799ca000 	C:\WINDOWS\System32\bcryptPrimitives.dll
0x00007ffa7a8d0000 - 0x00007ffa7a8fe000 	C:\WINDOWS\System32\IMM32.DLL
0x00000000694e0000 - 0x00000000695b2000 	C:\Program Files\Java\jdk1.7.0_80\jre\bin\msvcr100.dll
0x0000000069690000 - 0x0000000069e69000 	C:\Program Files\Java\jdk1.7.0_80\jre\bin\server\jvm.dll
0x00007ffa7a690000 - 0x00007ffa7a698000 	C:\WINDOWS\System32\PSAPI.DLL
0x00007ffa6ade0000 - 0x00007ffa6ade9000 	C:\WINDOWS\SYSTEM32\WSOCK32.dll
0x00007ffa76990000 - 0x00007ffa769b3000 	C:\WINDOWS\SYSTEM32\WINMM.dll
0x00007ffa7a700000 - 0x00007ffa7a76a000 	C:\WINDOWS\System32\WS2_32.dll
0x00007ffa76960000 - 0x00007ffa7698b000 	C:\WINDOWS\SYSTEM32\WINMMBASE.dll
0x00007ffa79ad0000 - 0x00007ffa79b12000 	C:\WINDOWS\System32\cfgmgr32.dll
0x0000000069680000 - 0x000000006968f000 	C:\Program Files\Java\jdk1.7.0_80\jre\bin\verify.dll
0x0000000069650000 - 0x0000000069678000 	C:\Program Files\Java\jdk1.7.0_80\jre\bin\java.dll
0x00000000694a0000 - 0x00000000694d5000 	C:\Program Files\Java\jdk1.7.0_80\jre\bin\jdwp.dll
0x0000000069490000 - 0x0000000069498000 	C:\Program Files\Java\jdk1.7.0_80\jre\bin\npt.dll
0x0000000069630000 - 0x0000000069646000 	C:\Program Files\Java\jdk1.7.0_80\jre\bin\zip.dll
0x0000000069480000 - 0x0000000069489000 	C:\Program Files\Java\jdk1.7.0_80\jre\bin\dt_socket.dll
0x00007ffa68bf0000 - 0x00007ffa68c06000 	C:\WINDOWS\system32\napinsp.dll
0x00007ffa68bd0000 - 0x00007ffa68bea000 	C:\WINDOWS\system32\pnrpnsp.dll
0x00007ffa753e0000 - 0x00007ffa753f8000 	C:\WINDOWS\system32\NLAapi.dll
0x00007ffa782d0000 - 0x00007ffa7832c000 	C:\WINDOWS\System32\mswsock.dll
0x00007ffa78090000 - 0x00007ffa78131000 	C:\WINDOWS\SYSTEM32\DNSAPI.dll
0x00007ffa7c110000 - 0x00007ffa7c118000 	C:\WINDOWS\System32\NSI.dll
0x00007ffa78050000 - 0x00007ffa78088000 	C:\WINDOWS\SYSTEM32\IPHLPAPI.DLL
0x00007ffa6abf0000 - 0x00007ffa6abfe000 	C:\WINDOWS\System32\winrnr.dll
0x00007ffa689c0000 - 0x00007ffa689d5000 	C:\WINDOWS\System32\wshbth.dll
0x000000006ab60000 - 0x000000006ab86000 	C:\Program Files\Bonjour\mdnsNSP.dll
0x0000000180000000 - 0x000000018006d000 	C:\WINDOWS\system32\LavasoftTcpService64.dll
0x00007ffa79e50000 - 0x00007ffa79f88000 	C:\WINDOWS\System32\ole32.dll
0x00007ffa7c050000 - 0x00007ffa7c10f000 	C:\WINDOWS\System32\OLEAUT32.dll
0x00007ffa79810000 - 0x00007ffa798ac000 	C:\WINDOWS\System32\msvcp_win.dll
0x00007ffa777b0000 - 0x00007ffa777ba000 	C:\WINDOWS\SYSTEM32\VERSION.dll
0x00007ffa78670000 - 0x00007ffa7869c000 	C:\WINDOWS\SYSTEM32\SspiCli.dll
0x00007ffa78a80000 - 0x00007ffa78a8f000 	C:\WINDOWS\System32\kernel.appcore.dll
0x00007ffa77140000 - 0x00007ffa771d5000 	C:\WINDOWS\system32\uxtheme.dll
0x00007ffa71ab0000 - 0x00007ffa71b1a000 	C:\WINDOWS\System32\fwpuclnt.dll
0x00007ffa78940000 - 0x00007ffa7896b000 	C:\WINDOWS\SYSTEM32\bcrypt.dll
0x00007ffa6d360000 - 0x00007ffa6d36a000 	C:\Windows\System32\rasadhlp.dll
0x00007ffa79b20000 - 0x00007ffa79bbf000 	C:\WINDOWS\System32\clbcatq.dll
0x00007ffa78840000 - 0x00007ffa788d8000 	C:\WINDOWS\SYSTEM32\sxs.dll
0x00007ffa75240000 - 0x00007ffa753d2000 	C:\WINDOWS\SYSTEM32\dbghelp.dll

VM Arguments:
jvm_args: -agentlib:jdwp=transport=dt_socket,suspend=y,address=localhost:53916 -Dfile.encoding=Cp1252 
java_command: library.Main
Launcher Type: SUN_STANDARD

Environment Variables:
PATH=C:\Program Files\Java\jdk1.7.0_80\jre\bin;C:/Program Files/Java/jdk1.7.0_80/bin/../jre/bin/server;C:/Program Files/Java/jdk1.7.0_80/bin/../jre/bin;C:/Program Files/Java/jdk1.7.0_80/bin/../jre/lib/amd64;C:\Program Files\MySQL\MySQL Utilities 1.6\;C:\Program Files\Java\jdk1.7.0_80\bin;C:\Program Files\Java\jre7;C:\Users\pcc\AppData\Local\Programs\Python\Python36-32\Scripts\;C:\Users\pcc\AppData\Local\Programs\Python\Python36-32\;C:\Users\pcc\AppData\Local\Microsoft\WindowsApps;;C:\Users\pcc\Desktop\eclipse-jee-indigo-SR2-win32-x86_64\eclipse;
USERNAME=pcc
OS=Windows_NT
PROCESSOR_IDENTIFIER=Intel64 Family 6 Model 61 Stepping 4, GenuineIntel



---------------  S Y S T E M  ---------------

OS: Windows 8.1 , 64 bit Build 9600 

CPU:total 4 (2 cores per cpu, 2 threads per core) family 6 model 61 stepping 4, cmov, cx8, fxsr, mmx, sse, sse2, sse3, ssse3, sse4.1, sse4.2, popcnt, avx, avx2, aes, erms, ht, tsc, tscinvbit

Memory: 4k page, physical 4076984k(1564712k free), swap 8153968k(1937064k free)

vm_info: Java HotSpot(TM) 64-Bit Server VM (24.80-b11) for windows-amd64 JRE (1.7.0_80-b15), built on Apr 10 2015 11:26:34 by "java_re" with unknown MS VC++:1600

time: Sun Jun 25 03:25:02 2017
elapsed time: 38 seconds

